<?xml version="1.0" encoding="UTF-8"?>
<testng-results skipped="0" failed="0" ignored="0" total="1" passed="1">
  <reporter-output>
  </reporter-output>
  <suite name="Default suite" duration-ms="2187" started-at="2020-03-11T17:26:00 IST" finished-at="2020-03-11T17:26:02 IST">
    <groups>
    </groups>
    <test name="Default test" duration-ms="2187" started-at="2020-03-11T17:26:00 IST" finished-at="2020-03-11T17:26:02 IST">
      <class name="com.one.readJSON">
        <test-method status="PASS" signature="readJSONFile()[pri:0, instance:com.one.readJSON@35d176f7]" name="readJSONFile" duration-ms="2153" started-at="2020-03-11T17:26:00 IST" finished-at="2020-03-11T17:26:02 IST">
          <reporter-output>
          </reporter-output>
        </test-method> <!-- readJSONFile -->
      </class> <!-- com.one.readJSON -->
    </test> <!-- Default test -->
  </suite> <!-- Default suite -->
</testng-results>
